UG to STEP
! INFO-     NX STEP AP242 - V12.0
! INFO-      
! INFO-     Start of Translation: 24-JAN-2020  8:04:15 PM
! INFO-      
! STATUS-   Converting Part: C:\Users\david\OneDrive\Documents\MSG\Power Subteam\MSG_selfieSat\Cad\finalAzurSpaceCellv2.prt
! STATUS-    
! STATUS-   Converting to Output Form (Phase 2 of 3): 24-JAN-2020 8:04:15 PM
! STATUS-    
! INFO-           Summary of STEP Entities 
! INFO-      
! INFO-     Entity Type                                                   Count 
! INFO-     -----------                                                   ------ 
! INFO-     advanced_brep_shape_representation .......................:   1 
! INFO-     advanced_face ............................................:   49 
! INFO-     application_context ......................................:   1 
! INFO-     application_protocol_definition ..........................:   1 
! INFO-     axis2_placement_3d .......................................:   66 
! INFO-     camera_model_d3 ..........................................:   8 
! INFO-     cartesian_point ..........................................:   300 
! INFO-     closed_shell .............................................:   6 
! INFO-     colour_rgb ...............................................:   4 
! INFO-     curve_style ..............................................:   41 
! INFO-     direction ................................................:   268 
! INFO-     draughting_model .........................................:   9 
! INFO-     draughting_pre_defined_curve_font ........................:   41 
! INFO-     edge_curve ...............................................:   111 
! INFO-     edge_loop ................................................:   55 
! INFO-     face_bound ...............................................:   55 
! INFO-     fill_area_style ..........................................:   6 
! INFO-     fill_area_style_colour ...................................:   6 
! INFO-     geometrically_bounded_wireframe_shape_representation .....:   1 
! INFO-     geometric_curve_set ......................................:   11 
! INFO-     geometric_representation_context_and_global_uncertainty_a :   1 
! INFO-     length_unit_and_si_unit ..................................:   1 
! INFO-     line .....................................................:   152 
! INFO-     manifold_solid_brep ......................................:   6 
! INFO-     mapped_item ..............................................:   9 
! INFO-     mechanical_design_and_draughting_relationship ............:   8 
! INFO-     mechanical_design_geometric_presentation_representation ..:   1 
! INFO-     oriented_edge ............................................:   222 
! INFO-     planar_box ...............................................:   8 
! INFO-     plane ....................................................:   49 
! INFO-     plane_angle_unit_and_si_unit .............................:   1 
! INFO-     presentation_style_assignment ............................:   47 
! INFO-     product ..................................................:   1 
! INFO-     product_category .........................................:   1 
! INFO-     product_context ..........................................:   1 
! INFO-     product_definition .......................................:   1 
! INFO-     product_definition_context ...............................:   1 
! INFO-     product_definition_formation_with_specified_source .......:   1 
! INFO-     product_definition_shape .................................:   1 
! INFO-     product_related_product_category .........................:   1 
! INFO-     representation_map .......................................:   9 
! INFO-     shape_definition_representation ..........................:   1 
! INFO-     shape_representation .....................................:   1 
! INFO-     shape_representation_relationship ........................:   2 
! INFO-     si_unit_and_solid_angle_unit .............................:   1 
! INFO-     styled_item ..............................................:   47 
! INFO-     surface_side_style .......................................:   6 
! INFO-     surface_style_fill_area ..................................:   6 
! INFO-     surface_style_usage ......................................:   6 
! INFO-     trimmed_curve ............................................:   41 
! INFO-     uncertainty_measure_with_unit ............................:   1 
! INFO-     vector ...................................................:   152 
! INFO-     vertex_point .............................................:   74 
! INFO-     view_volume ..............................................:   8 
! INFO-                                                                  ------- 
! INFO-     Total                                                         1908 
! INFO-      
! INFO-     End of Translation: 24-JAN-2020  8:04:18 PM
! INFO-      
