UG to STEP
! INFO-     NX STEP AP242 - V12.0
! INFO-      
! INFO-     Start of Translation: 3-FEB-2020  5:41:49 PM
! INFO-      
! STATUS-   Converting Part: C:\Users\david\Downloads\MSG-20191011T010016Z-001\MSG\V2_MasterAssembly_step.prt
! STATUS-    
! STATUS-   Converting to Output Form (Phase 2 of 3): 3-FEB-2020 5:41:49 PM
! STATUS-    
! INFO-           Summary of STEP Entities 
! INFO-      
! INFO-     Entity Type                                                   Count 
! INFO-     -----------                                                   ------ 
! INFO-     advanced_brep_shape_representation .......................:   1 
! INFO-     advanced_face ............................................:   122 
! INFO-     application_context ......................................:   1 
! INFO-     application_protocol_definition ..........................:   1 
! INFO-     axis2_placement_3d .......................................:   329 
! INFO-     camera_model_d3 ..........................................:   24 
! INFO-     cartesian_point ..........................................:   797 
! INFO-     circle ...................................................:   156 
! INFO-     closed_shell .............................................:   1 
! INFO-     colour_rgb ...............................................:   1 
! INFO-     context_dependent_shape_representation ...................:   2 
! INFO-     cylindrical_surface ......................................:   78 
! INFO-     direction ................................................:   814 
! INFO-     draughting_model .........................................:   25 
! INFO-     edge_curve ...............................................:   360 
! INFO-     edge_loop ................................................:   164 
! INFO-     face_bound ...............................................:   164 
! INFO-     fill_area_style ..........................................:   1 
! INFO-     fill_area_style_colour ...................................:   1 
! INFO-     geometric_representation_context_and_global_uncertainty_a :   3 
! INFO-     item_defined_transformation ..............................:   2 
! INFO-     length_unit_and_si_unit ..................................:   1 
! INFO-     line .....................................................:   204 
! INFO-     manifold_solid_brep ......................................:   1 
! INFO-     mapped_item ..............................................:   25 
! INFO-     mechanical_design_and_draughting_relationship ............:   24 
! INFO-     mechanical_design_geometric_presentation_representation ..:   1 
! INFO-     next_assembly_usage_occurrence ...........................:   2 
! INFO-     oriented_edge ............................................:   720 
! INFO-     planar_box ...............................................:   24 
! INFO-     plane ....................................................:   44 
! INFO-     plane_angle_unit_and_si_unit .............................:   1 
! INFO-     presentation_style_assignment ............................:   1 
! INFO-     product ..................................................:   3 
! INFO-     product_category .........................................:   3 
! INFO-     product_context ..........................................:   3 
! INFO-     product_definition .......................................:   3 
! INFO-     product_definition_context ...............................:   3 
! INFO-     product_definition_formation_with_specified_source .......:   3 
! INFO-     product_definition_shape .................................:   5 
! INFO-     product_related_product_category .........................:   3 
! INFO-     representation_map .......................................:   25 
! INFO-     representation_relationship_with_transformation_and_shape :   2 
! INFO-     shape_definition_representation ..........................:   3 
! INFO-     shape_representation .....................................:   3 
! INFO-     shape_representation_relationship ........................:   1 
! INFO-     si_unit_and_solid_angle_unit .............................:   1 
! INFO-     styled_item ..............................................:   1 
! INFO-     surface_side_style .......................................:   1 
! INFO-     surface_style_fill_area ..................................:   1 
! INFO-     surface_style_usage ......................................:   1 
! INFO-     uncertainty_measure_with_unit ............................:   3 
! INFO-     vector ...................................................:   204 
! INFO-     vertex_point .............................................:   240 
! INFO-     view_volume ..............................................:   24 
! INFO-                                                                  ------- 
! INFO-     Total                                                         4631 
! INFO-      
! INFO-     End of Translation: 3-FEB-2020  5:41:51 PM
! INFO-      
