UG to STEP
! INFO-     NX STEP AP242 - V12.0
! INFO-      
! INFO-     Start of Translation: 3-FEB-2020  6:43:59 PM
! INFO-      
! STATUS-   Converting Part: C:\Users\david\OneDrive\Documents\MSG\Power Subteam\MSG_selfieSat\Cad\sunsensor_raw.prt
! STATUS-    
! STATUS-   Converting to Output Form (Phase 2 of 3): 3-FEB-2020 6:43:59 PM
! STATUS-    
! INFO-           Summary of STEP Entities 
! INFO-      
! INFO-     Entity Type                                                   Count 
! INFO-     -----------                                                   ------ 
! INFO-     advanced_brep_shape_representation .......................:   1 
! INFO-     advanced_face ............................................:   12 
! INFO-     application_context ......................................:   1 
! INFO-     application_protocol_definition ..........................:   1 
! INFO-     axis2_placement_3d .......................................:   36 
! INFO-     camera_model_d3 ..........................................:   8 
! INFO-     cartesian_point ..........................................:   73 
! INFO-     circle ...................................................:   7 
! INFO-     closed_shell .............................................:   2 
! INFO-     colour_rgb ...............................................:   2 
! INFO-     conical_surface ..........................................:   1 
! INFO-     curve_style ..............................................:   6 
! INFO-     cylindrical_surface ......................................:   2 
! INFO-     direction ................................................:   72 
! INFO-     draughting_model .........................................:   9 
! INFO-     draughting_pre_defined_curve_font ........................:   6 
! INFO-     edge_curve ...............................................:   17 
! INFO-     edge_loop ................................................:   16 
! INFO-     face_bound ...............................................:   16 
! INFO-     fill_area_style ..........................................:   2 
! INFO-     fill_area_style_colour ...................................:   2 
! INFO-     geometrically_bounded_wireframe_shape_representation .....:   1 
! INFO-     geometric_curve_set ......................................:   3 
! INFO-     geometric_representation_context_and_global_uncertainty_a :   1 
! INFO-     length_unit_and_si_unit ..................................:   1 
! INFO-     line .....................................................:   16 
! INFO-     manifold_solid_brep ......................................:   2 
! INFO-     mapped_item ..............................................:   9 
! INFO-     mechanical_design_and_draughting_relationship ............:   8 
! INFO-     mechanical_design_geometric_presentation_representation ..:   1 
! INFO-     oriented_edge ............................................:   34 
! INFO-     planar_box ...............................................:   8 
! INFO-     plane ....................................................:   9 
! INFO-     plane_angle_unit_and_si_unit .............................:   1 
! INFO-     presentation_style_assignment ............................:   8 
! INFO-     product ..................................................:   1 
! INFO-     product_category .........................................:   1 
! INFO-     product_context ..........................................:   1 
! INFO-     product_definition .......................................:   1 
! INFO-     product_definition_context ...............................:   1 
! INFO-     product_definition_formation_with_specified_source .......:   1 
! INFO-     product_definition_shape .................................:   1 
! INFO-     product_related_product_category .........................:   1 
! INFO-     representation_map .......................................:   9 
! INFO-     shape_definition_representation ..........................:   1 
! INFO-     shape_representation .....................................:   1 
! INFO-     shape_representation_relationship ........................:   2 
! INFO-     si_unit_and_solid_angle_unit .............................:   1 
! INFO-     styled_item ..............................................:   8 
! INFO-     surface_side_style .......................................:   2 
! INFO-     surface_style_fill_area ..................................:   2 
! INFO-     surface_style_usage ......................................:   2 
! INFO-     trimmed_curve ............................................:   6 
! INFO-     uncertainty_measure_with_unit ............................:   1 
! INFO-     vector ...................................................:   16 
! INFO-     vertex_point .............................................:   13 
! INFO-     view_volume ..............................................:   8 
! INFO-                                                                  ------- 
! INFO-     Total                                                         474 
! INFO-      
! INFO-     End of Translation: 3-FEB-2020  6:44:01 PM
! INFO-      
